d:\studia\cp_labs\cp4\project\platformer_game\debug\vc142.pdb
d:\studia\cp_labs\cp4\project\platformer_game\debug\vc142.idb
d:\studia\cp_labs\cp4\project\platformer_game\debug\world.obj
d:\studia\cp_labs\cp4\project\platformer_game\debug\sprite.obj
d:\studia\cp_labs\cp4\project\platformer_game\debug\player.obj
d:\studia\cp_labs\cp4\project\platformer_game\debug\platformer_game.obj
d:\studia\cp_labs\cp4\project\platformer_game\debug\game.obj
d:\studia\cp_labs\cp4\project\platformer_game\debug\entity.obj
d:\studia\cp_labs\cp4\project\platformer_game\debug\enemy.obj
d:\studia\cp_labs\cp4\project\platformer_game\debug\tile.obj
d:\studia\cp_labs\cp4\project\platformer_game\debug\block.obj
d:\studia\cp_labs\cp4\project\platformer_game\debug\animation.obj
d:\studia\cp_labs\cp4\project\platformer_game\debug\world.ixx.ifc.d.json
d:\studia\cp_labs\cp4\project\platformer_game\debug\world.ixx.obj
d:\studia\cp_labs\cp4\project\platformer_game\debug\player.ixx.ifc.d.json
d:\studia\cp_labs\cp4\project\platformer_game\debug\player.ixx.obj
d:\studia\cp_labs\cp4\project\platformer_game\debug\menu.ixx.ifc
d:\studia\cp_labs\cp4\project\platformer_game\debug\menu.ixx.ifc.d.json
d:\studia\cp_labs\cp4\project\platformer_game\debug\menu.ixx.obj
d:\studia\cp_labs\cp4\project\platformer_game\debug\platformer_game.ilk
d:\studia\cp_labs\cp4\project\platformer_game\debug\platformer_game.exe
d:\studia\cp_labs\cp4\project\platformer_game\debug\platformer_game.pdb
d:\studia\cp_labs\cp4\project\platformer_game\debug\world.ixx.module.json
d:\studia\cp_labs\cp4\project\platformer_game\debug\player.ixx.module.json
d:\studia\cp_labs\cp4\project\platformer_game\debug\menu.ixx.module.json
d:\studia\cp_labs\cp4\project\platformer_game\debug\platformer_game.tlog\cl.command.1.tlog
d:\studia\cp_labs\cp4\project\platformer_game\debug\platformer_game.tlog\cl.read.1.tlog
d:\studia\cp_labs\cp4\project\platformer_game\debug\platformer_game.tlog\cl.write.1.tlog
d:\studia\cp_labs\cp4\project\platformer_game\debug\platformer_game.tlog\link.command.1.tlog
d:\studia\cp_labs\cp4\project\platformer_game\debug\platformer_game.tlog\link.read.1.tlog
d:\studia\cp_labs\cp4\project\platformer_game\debug\platformer_game.tlog\link.write.1.tlog
d:\studia\cp_labs\cp4\project\platformer_game\debug\platformer_game_md.tlog\cl.command.1.tlog
d:\studia\cp_labs\cp4\project\platformer_game\debug\platformer_game_md.tlog\microsoft.build.cpptasks.cl.read.1.tlog
d:\studia\cp_labs\cp4\project\platformer_game\debug\platformer_game_md.tlog\microsoft.build.cpptasks.cl.write.1.tlog
